

Started GET "/" for 127.0.0.1 at 2016-06-15 22:29:04 -0500

ActiveRecord::NoDatabaseError (Unknown database 'studtweet_development'Run `$ bin/rake db:create db:migrate` to create your database):
  activerecord (4.1.5) lib/active_record/connection_adapters/mysql2_adapter.rb:23:in `rescue in mysql2_connection'
  activerecord (4.1.5) lib/active_record/connection_adapters/mysql2_adapter.rb:10:in `mysql2_connection'
  activerecord (4.1.5) lib/active_record/connection_adapters/abstract/connection_pool.rb:435:in `new_connection'
  activerecord (4.1.5) lib/active_record/connection_adapters/abstract/connection_pool.rb:445:in `checkout_new_connection'
  activerecord (4.1.5) lib/active_record/connection_adapters/abstract/connection_pool.rb:416:in `acquire_connection'
  activerecord (4.1.5) lib/active_record/connection_adapters/abstract/connection_pool.rb:351:in `block in checkout'
  /Users/billytalton/.rbenv/versions/2.1.2/lib/ruby/2.1.0/monitor.rb:211:in `mon_synchronize'
  activerecord (4.1.5) lib/active_record/connection_adapters/abstract/connection_pool.rb:350:in `checkout'
  activerecord (4.1.5) lib/active_record/connection_adapters/abstract/connection_pool.rb:265:in `block in connection'
  /Users/billytalton/.rbenv/versions/2.1.2/lib/ruby/2.1.0/monitor.rb:211:in `mon_synchronize'
  activerecord (4.1.5) lib/active_record/connection_adapters/abstract/connection_pool.rb:264:in `connection'
  activerecord (4.1.5) lib/active_record/connection_adapters/abstract/connection_pool.rb:541:in `retrieve_connection'
  activerecord (4.1.5) lib/active_record/connection_handling.rb:113:in `retrieve_connection'
  activerecord (4.1.5) lib/active_record/connection_handling.rb:87:in `connection'
  activerecord (4.1.5) lib/active_record/query_cache.rb:51:in `restore_query_cache_settings'
  activerecord (4.1.5) lib/active_record/query_cache.rb:43:in `rescue in call'
  activerecord (4.1.5) lib/active_record/query_cache.rb:32:in `call'
  activerecord (4.1.5) lib/active_record/connection_adapters/abstract/connection_pool.rb:621:in `call'
  activerecord (4.1.5) lib/active_record/migration.rb:380:in `call'
  actionpack (4.1.5) lib/action_dispatch/middleware/callbacks.rb:29:in `block in call'
  activesupport (4.1.5) lib/active_support/callbacks.rb:82:in `run_callbacks'
  actionpack (4.1.5) lib/action_dispatch/middleware/callbacks.rb:27:in `call'
  actionpack (4.1.5) lib/action_dispatch/middleware/reloader.rb:73:in `call'
  actionpack (4.1.5) lib/action_dispatch/middleware/remote_ip.rb:76:in `call'
  actionpack (4.1.5) lib/action_dispatch/middleware/debug_exceptions.rb:17:in `call'
  actionpack (4.1.5) lib/action_dispatch/middleware/show_exceptions.rb:30:in `call'
  railties (4.1.5) lib/rails/rack/logger.rb:38:in `call_app'
  railties (4.1.5) lib/rails/rack/logger.rb:20:in `block in call'
  activesupport (4.1.5) lib/active_support/tagged_logging.rb:68:in `block in tagged'
  activesupport (4.1.5) lib/active_support/tagged_logging.rb:26:in `tagged'
  activesupport (4.1.5) lib/active_support/tagged_logging.rb:68:in `tagged'
  railties (4.1.5) lib/rails/rack/logger.rb:20:in `call'
  actionpack (4.1.5) lib/action_dispatch/middleware/request_id.rb:21:in `call'
  rack (1.5.5) lib/rack/methodoverride.rb:21:in `call'
  rack (1.5.5) lib/rack/runtime.rb:17:in `call'
  activesupport (4.1.5) lib/active_support/cache/strategy/local_cache_middleware.rb:26:in `call'
  rack (1.5.5) lib/rack/lock.rb:17:in `call'
  actionpack (4.1.5) lib/action_dispatch/middleware/static.rb:64:in `call'
  rack (1.5.5) lib/rack/sendfile.rb:112:in `call'
  railties (4.1.5) lib/rails/engine.rb:514:in `call'
  railties (4.1.5) lib/rails/application.rb:144:in `call'
  rack (1.5.5) lib/rack/lock.rb:17:in `call'
  rack (1.5.5) lib/rack/content_length.rb:14:in `call'
  rack (1.5.5) lib/rack/handler/webrick.rb:60:in `service'
  /Users/billytalton/.rbenv/versions/2.1.2/lib/ruby/2.1.0/webrick/httpserver.rb:138:in `service'
  /Users/billytalton/.rbenv/versions/2.1.2/lib/ruby/2.1.0/webrick/httpserver.rb:94:in `run'
  /Users/billytalton/.rbenv/versions/2.1.2/lib/ruby/2.1.0/webrick/server.rb:295:in `block in start_thread'


  Rendered /Users/billytalton/.rbenv/versions/2.1.2/lib/ruby/gems/2.1.0/gems/actionpack-4.1.5/lib/action_dispatch/middleware/templates/rescues/_source.erb (1.0ms)
  Rendered /Users/billytalton/.rbenv/versions/2.1.2/lib/ruby/gems/2.1.0/gems/actionpack-4.1.5/lib/action_dispatch/middleware/templates/rescues/_trace.html.erb (1.1ms)
  Rendered /Users/billytalton/.rbenv/versions/2.1.2/lib/ruby/gems/2.1.0/gems/actionpack-4.1.5/lib/action_dispatch/middleware/templates/rescues/_request_and_response.html.erb (0.9ms)
  Rendered /Users/billytalton/.rbenv/versions/2.1.2/lib/ruby/gems/2.1.0/gems/actionpack-4.1.5/lib/action_dispatch/middleware/templates/rescues/diagnostics.erb within rescues/layout (25.1ms)


Started GET "/" for 127.0.0.1 at 2016-06-15 22:30:59 -0500
Processing by StudtweetController#index as HTML
  Rendered studtweet/index.html.erb within layouts/application (1.4ms)
Completed 200 OK in 2220ms (Views: 2187.3ms | ActiveRecord: 0.0ms)


Started GET "/assets/studtweet.css?body=1" for 127.0.0.1 at 2016-06-15 22:31:02 -0500


Started GET "/assets/application.css?body=1" for 127.0.0.1 at 2016-06-15 22:31:02 -0500


Started GET "/assets/jquery.js?body=1" for 127.0.0.1 at 2016-06-15 22:31:02 -0500


Started GET "/assets/jquery_ujs.js?body=1" for 127.0.0.1 at 2016-06-15 22:31:02 -0500


Started GET "/assets/turbolinks.js?body=1" for 127.0.0.1 at 2016-06-15 22:31:02 -0500


Started GET "/assets/studtweet.js?body=1" for 127.0.0.1 at 2016-06-15 22:31:02 -0500


Started GET "/assets/application.js?body=1" for 127.0.0.1 at 2016-06-15 22:31:02 -0500
